
--------------------------------------------------
TXLib предупреждает:

Программа: C:\Users\Юлия\Desktop\tets\bin\Debug\tets.exe,

ВНЕЗАПНО: Нарушение доступа к памяти.

#1: Исключение EXCEPTION_ACCESS_VIOLATION (0xC0000005) при выполнении кода по адресу 0x0000000000458F54. Попытка прочесть данные по адресу 0xFFFFFFFFFFFFFFFF в модуле C:\Users\Юлия\Desktop\tets\bin\Debug\tets.exe. Спасибо _txVectoredExceptionHandler(), что сообщил. Люблю его <3

#1: TXLib [Ver: 00173a, Rev: 171, Date: 2022-07-23 02:08:28 +0400], Instance: 0x0000000000626D30 (64-bit), Flags: Cmdre0, Thread: 0x1850 (Main). 

--------------------------------------------------
Стек вызовов:



--------------------------------------------------
Developed with:

The Dumb Artist Library (TX Library)
TXLib [Ver: 00173a, Rev: 171, Date: 2022-07-23 02:08:28 +0400]
Copyright (C) Ded (Ilya Dedinsky, http://txlib.ru) <mail@txlib.ru>
See license on: http://txlib.ru

TXLib file:	include/TXLib.h
Compiled:	Mar  5 2024 01:40:34, GNU g++ 8.1.0, std=201402L, MinGW-W64 Runtime 6.0.0 (alpha - rev. 0) 0000-00-00, 64-bit, Debug
Started:	Mar 05 2024 17:59:44

Run file:	C:\Users\Юлия\Desktop\tets\bin\Debug\tets.exe
Directory:	C:\Users\Юлия\Desktop\tets

--------------------------------------------------

--------------------------------------------------
TXLib соболезнует...

Программа: C:\Users\Юлия\Desktop\tets\bin\Debug\tets.exe,

ВНЕЗАПНО: signal (11, 0x00): SIGSEGV: Доступ по неверному указателю. Ставьте ассерты! 

Нарушение доступа к памяти.

#1: Исключение EXCEPTION_ACCESS_VIOLATION (0xC0000005) при выполнении кода по адресу 0x0000000000458F54. Попытка прочесть данные по адресу 0xFFFFFFFFFFFFFFFF в модуле C:\Users\Юлия\Desktop\tets\bin\Debug\tets.exe. Спасибо _txVectoredExceptionHandler(), что сообщил. Люблю его <3

С помощью функции signal() вы можете сами обработать эту ошибку.

#2: TXLib [Ver: 00173a, Rev: 171, Date: 2022-07-23 02:08:28 +0400], Instance: 0x0000000000626D30 (64-bit), Flags: Cmdre0, Thread: 0x1850 (Main). 

--------------------------------------------------
Стек вызовов:



--------------------------------------------------
Developed with:

The Dumb Artist Library (TX Library)
TXLib [Ver: 00173a, Rev: 171, Date: 2022-07-23 02:08:28 +0400]
Copyright (C) Ded (Ilya Dedinsky, http://txlib.ru) <mail@txlib.ru>
See license on: http://txlib.ru

TXLib file:	include/TXLib.h
Compiled:	Mar  5 2024 01:40:34, GNU g++ 8.1.0, std=201402L, MinGW-W64 Runtime 6.0.0 (alpha - rev. 0) 0000-00-00, 64-bit, Debug
Started:	Mar 05 2024 17:59:43

Run file:	C:\Users\Юлия\Desktop\tets\bin\Debug\tets.exe
Directory:	C:\Users\Юлия\Desktop\tets

--------------------------------------------------

--------------------------------------------------
TXLib предупреждает:

Программа: C:\Users\Юлия\Desktop\tets\bin\Debug\tets.exe,

ВНЕЗАПНО: Нарушение доступа к памяти.

#1: Исключение EXCEPTION_ACCESS_VIOLATION (0xC0000005) при выполнении кода по адресу 0x0000000000458F54. Попытка прочесть данные по адресу 0xFFFFFFFFFFFFFFFF в модуле C:\Users\Юлия\Desktop\tets\bin\Debug\tets.exe. Спасибо _txVectoredExceptionHandler(), что сообщил. Люблю его <3

#1: TXLib [Ver: 00173a, Rev: 171, Date: 2022-07-23 02:08:28 +0400], Instance: 0x0000000000626D30 (64-bit), Flags: Cmdre0, Thread: 0x1954 (Main). 

--------------------------------------------------
Стек вызовов:



--------------------------------------------------
Developed with:

The Dumb Artist Library (TX Library)
TXLib [Ver: 00173a, Rev: 171, Date: 2022-07-23 02:08:28 +0400]
Copyright (C) Ded (Ilya Dedinsky, http://txlib.ru) <mail@txlib.ru>
See license on: http://txlib.ru

TXLib file:	include/TXLib.h
Compiled:	Mar  5 2024 01:40:34, GNU g++ 8.1.0, std=201402L, MinGW-W64 Runtime 6.0.0 (alpha - rev. 0) 0000-00-00, 64-bit, Debug
Started:	Mar 05 2024 18:00:20

Run file:	C:\Users\Юлия\Desktop\tets\bin\Debug\tets.exe
Directory:	C:\Users\Юлия\Desktop\tets

--------------------------------------------------

--------------------------------------------------
TXLib соболезнует...

Программа: C:\Users\Юлия\Desktop\tets\bin\Debug\tets.exe,

ВНЕЗАПНО: signal (11, 0x00): SIGSEGV: Доступ по неверному указателю. Ставьте ассерты! 

Нарушение доступа к памяти.

#1: Исключение EXCEPTION_ACCESS_VIOLATION (0xC0000005) при выполнении кода по адресу 0x0000000000458F54. Попытка прочесть данные по адресу 0xFFFFFFFFFFFFFFFF в модуле C:\Users\Юлия\Desktop\tets\bin\Debug\tets.exe. Спасибо _txVectoredExceptionHandler(), что сообщил. Люблю его <3

С помощью функции signal() вы можете сами обработать эту ошибку.

#2: TXLib [Ver: 00173a, Rev: 171, Date: 2022-07-23 02:08:28 +0400], Instance: 0x0000000000626D30 (64-bit), Flags: Cmdre0, Thread: 0x1954 (Main). 

--------------------------------------------------
Стек вызовов:



--------------------------------------------------
Developed with:

The Dumb Artist Library (TX Library)
TXLib [Ver: 00173a, Rev: 171, Date: 2022-07-23 02:08:28 +0400]
Copyright (C) Ded (Ilya Dedinsky, http://txlib.ru) <mail@txlib.ru>
See license on: http://txlib.ru

TXLib file:	include/TXLib.h
Compiled:	Mar  5 2024 01:40:34, GNU g++ 8.1.0, std=201402L, MinGW-W64 Runtime 6.0.0 (alpha - rev. 0) 0000-00-00, 64-bit, Debug
Started:	Mar 05 2024 18:00:19

Run file:	C:\Users\Юлия\Desktop\tets\bin\Debug\tets.exe
Directory:	C:\Users\Юлия\Desktop\tets

--------------------------------------------------

--------------------------------------------------
TXLib предупреждает:

Программа: C:\Users\Юлия\Desktop\tets\bin\Debug\tets.exe,

ВНЕЗАПНО: Нарушение доступа к памяти.

#1: Исключение EXCEPTION_ACCESS_VIOLATION (0xC0000005) при выполнении кода по адресу 0x0000000000458F54. Попытка прочесть данные по адресу 0xFFFFFFFFFFFFFFFF в модуле C:\Users\Юлия\Desktop\tets\bin\Debug\tets.exe. Спасибо _txVectoredExceptionHandler(), что сообщил. Люблю его <3

#1: TXLib [Ver: 00173a, Rev: 171, Date: 2022-07-23 02:08:28 +0400], Instance: 0x0000000000626D30 (64-bit), Flags: Cmdre0, Thread: 0x1A60 (Main). 

--------------------------------------------------
Стек вызовов:



--------------------------------------------------
Developed with:

The Dumb Artist Library (TX Library)
TXLib [Ver: 00173a, Rev: 171, Date: 2022-07-23 02:08:28 +0400]
Copyright (C) Ded (Ilya Dedinsky, http://txlib.ru) <mail@txlib.ru>
See license on: http://txlib.ru

TXLib file:	include/TXLib.h
Compiled:	Mar  5 2024 01:40:34, GNU g++ 8.1.0, std=201402L, MinGW-W64 Runtime 6.0.0 (alpha - rev. 0) 0000-00-00, 64-bit, Debug
Started:	Mar 05 2024 18:11:59

Run file:	C:\Users\Юлия\Desktop\tets\bin\Debug\tets.exe
Directory:	C:\Users\Юлия\Desktop\tets

--------------------------------------------------

--------------------------------------------------
TXLib соболезнует...

Программа: C:\Users\Юлия\Desktop\tets\bin\Debug\tets.exe,

ВНЕЗАПНО: signal (11, 0x00): SIGSEGV: Доступ по неверному указателю. Ставьте ассерты! 

Нарушение доступа к памяти.

#1: Исключение EXCEPTION_ACCESS_VIOLATION (0xC0000005) при выполнении кода по адресу 0x0000000000458F54. Попытка прочесть данные по адресу 0xFFFFFFFFFFFFFFFF в модуле C:\Users\Юлия\Desktop\tets\bin\Debug\tets.exe. Спасибо _txVectoredExceptionHandler(), что сообщил. Люблю его <3

С помощью функции signal() вы можете сами обработать эту ошибку.

#2: TXLib [Ver: 00173a, Rev: 171, Date: 2022-07-23 02:08:28 +0400], Instance: 0x0000000000626D30 (64-bit), Flags: Cmdre0, Thread: 0x1A60 (Main). 

--------------------------------------------------
Стек вызовов:



--------------------------------------------------
Developed with:

The Dumb Artist Library (TX Library)
TXLib [Ver: 00173a, Rev: 171, Date: 2022-07-23 02:08:28 +0400]
Copyright (C) Ded (Ilya Dedinsky, http://txlib.ru) <mail@txlib.ru>
See license on: http://txlib.ru

TXLib file:	include/TXLib.h
Compiled:	Mar  5 2024 01:40:34, GNU g++ 8.1.0, std=201402L, MinGW-W64 Runtime 6.0.0 (alpha - rev. 0) 0000-00-00, 64-bit, Debug
Started:	Mar 05 2024 18:11:59

Run file:	C:\Users\Юлия\Desktop\tets\bin\Debug\tets.exe
Directory:	C:\Users\Юлия\Desktop\tets

--------------------------------------------------

--------------------------------------------------
TXLib предупреждает:

Программа: C:\Users\Юлия\Desktop\tets\bin\Debug\tets.exe,

ВНЕЗАПНО: Нарушение доступа к памяти.

#1: Исключение EXCEPTION_ACCESS_VIOLATION (0xC0000005) при выполнении кода по адресу 0x0000000000458FE4. Попытка прочесть данные по адресу NULL в модуле C:\Users\Юлия\Desktop\tets\bin\Debug\tets.exe. Спасибо _txVectoredExceptionHandler(), что сообщил. Люблю его <3

#1: TXLib [Ver: 00173a, Rev: 171, Date: 2022-07-23 02:08:28 +0400], Instance: 0x0000000000626D30 (64-bit), Flags: Cmdre0, Thread: 0x4744 (Main). 

--------------------------------------------------
Стек вызовов:



--------------------------------------------------
Developed with:

The Dumb Artist Library (TX Library)
TXLib [Ver: 00173a, Rev: 171, Date: 2022-07-23 02:08:28 +0400]
Copyright (C) Ded (Ilya Dedinsky, http://txlib.ru) <mail@txlib.ru>
See license on: http://txlib.ru

TXLib file:	include/TXLib.h
Compiled:	Mar  5 2024 01:40:34, GNU g++ 8.1.0, std=201402L, MinGW-W64 Runtime 6.0.0 (alpha - rev. 0) 0000-00-00, 64-bit, Debug
Started:	Mar 05 2024 18:17:38

Run file:	C:\Users\Юлия\Desktop\tets\bin\Debug\tets.exe
Directory:	C:\Users\Юлия\Desktop\tets

--------------------------------------------------

--------------------------------------------------
TXLib соболезнует...

Программа: C:\Users\Юлия\Desktop\tets\bin\Debug\tets.exe,

ВНЕЗАПНО: signal (11, 0x00): SIGSEGV: Доступ по неверному указателю. Ставьте ассерты! 

Нарушение доступа к памяти.

#1: Исключение EXCEPTION_ACCESS_VIOLATION (0xC0000005) при выполнении кода по адресу 0x0000000000458FE4. Попытка прочесть данные по адресу NULL в модуле C:\Users\Юлия\Desktop\tets\bin\Debug\tets.exe. Спасибо _txVectoredExceptionHandler(), что сообщил. Люблю его <3

С помощью функции signal() вы можете сами обработать эту ошибку.

#2: TXLib [Ver: 00173a, Rev: 171, Date: 2022-07-23 02:08:28 +0400], Instance: 0x0000000000626D30 (64-bit), Flags: Cmdre0, Thread: 0x4744 (Main). 

--------------------------------------------------
Стек вызовов:



--------------------------------------------------
Developed with:

The Dumb Artist Library (TX Library)
TXLib [Ver: 00173a, Rev: 171, Date: 2022-07-23 02:08:28 +0400]
Copyright (C) Ded (Ilya Dedinsky, http://txlib.ru) <mail@txlib.ru>
See license on: http://txlib.ru

TXLib file:	include/TXLib.h
Compiled:	Mar  5 2024 01:40:34, GNU g++ 8.1.0, std=201402L, MinGW-W64 Runtime 6.0.0 (alpha - rev. 0) 0000-00-00, 64-bit, Debug
Started:	Mar 05 2024 18:17:37

Run file:	C:\Users\Юлия\Desktop\tets\bin\Debug\tets.exe
Directory:	C:\Users\Юлия\Desktop\tets

--------------------------------------------------

--------------------------------------------------
TXLib предупреждает:

Программа: C:\Users\Юлия\Desktop\tets\bin\Debug\tets.exe,

ВНЕЗАПНО: Нарушение доступа к памяти.

#1: Исключение EXCEPTION_ACCESS_VIOLATION (0xC0000005) при выполнении кода по адресу 0x0000000000459027. Попытка прочесть данные по адресу 0xFFFFFFFFFFFFFFFF в модуле C:\Users\Юлия\Desktop\tets\bin\Debug\tets.exe. Спасибо _txVectoredExceptionHandler(), что сообщил. Люблю его <3

#1: TXLib [Ver: 00173a, Rev: 171, Date: 2022-07-23 02:08:28 +0400], Instance: 0x0000000000626D30 (64-bit), Flags: Cmdre0, Thread: 0x12D4 (Main). 

--------------------------------------------------
Стек вызовов:



--------------------------------------------------
Developed with:

The Dumb Artist Library (TX Library)
TXLib [Ver: 00173a, Rev: 171, Date: 2022-07-23 02:08:28 +0400]
Copyright (C) Ded (Ilya Dedinsky, http://txlib.ru) <mail@txlib.ru>
See license on: http://txlib.ru

TXLib file:	include/TXLib.h
Compiled:	Mar  5 2024 01:40:34, GNU g++ 8.1.0, std=201402L, MinGW-W64 Runtime 6.0.0 (alpha - rev. 0) 0000-00-00, 64-bit, Debug
Started:	Mar 05 2024 18:18:45

Run file:	C:\Users\Юлия\Desktop\tets\bin\Debug\tets.exe
Directory:	C:\Users\Юлия\Desktop\tets

--------------------------------------------------

--------------------------------------------------
TXLib соболезнует...

Программа: C:\Users\Юлия\Desktop\tets\bin\Debug\tets.exe,

ВНЕЗАПНО: signal (11, 0x00): SIGSEGV: Доступ по неверному указателю. Ставьте ассерты! 

Нарушение доступа к памяти.

#1: Исключение EXCEPTION_ACCESS_VIOLATION (0xC0000005) при выполнении кода по адресу 0x0000000000459027. Попытка прочесть данные по адресу 0xFFFFFFFFFFFFFFFF в модуле C:\Users\Юлия\Desktop\tets\bin\Debug\tets.exe. Спасибо _txVectoredExceptionHandler(), что сообщил. Люблю его <3

С помощью функции signal() вы можете сами обработать эту ошибку.

#2: TXLib [Ver: 00173a, Rev: 171, Date: 2022-07-23 02:08:28 +0400], Instance: 0x0000000000626D30 (64-bit), Flags: Cmdre0, Thread: 0x12D4 (Main). 

--------------------------------------------------
Стек вызовов:



--------------------------------------------------
Developed with:

The Dumb Artist Library (TX Library)
TXLib [Ver: 00173a, Rev: 171, Date: 2022-07-23 02:08:28 +0400]
Copyright (C) Ded (Ilya Dedinsky, http://txlib.ru) <mail@txlib.ru>
See license on: http://txlib.ru

TXLib file:	include/TXLib.h
Compiled:	Mar  5 2024 01:40:34, GNU g++ 8.1.0, std=201402L, MinGW-W64 Runtime 6.0.0 (alpha - rev. 0) 0000-00-00, 64-bit, Debug
Started:	Mar 05 2024 18:18:44

Run file:	C:\Users\Юлия\Desktop\tets\bin\Debug\tets.exe
Directory:	C:\Users\Юлия\Desktop\tets

--------------------------------------------------

--------------------------------------------------
TXLib предупреждает:

Программа: C:\Users\Юлия\Desktop\tets\bin\Debug\tets.exe,

ВНЕЗАПНО: Нарушение доступа к памяти.

#1: Исключение EXCEPTION_ACCESS_VIOLATION (0xC0000005) при выполнении кода по адресу 0x000000000047680A. Попытка прочесть данные по адресу 0xFFFFFFFFFFFFFFFF в модуле C:\Users\Юлия\Desktop\tets\bin\Debug\tets.exe. Спасибо _txVectoredExceptionHandler(), что сообщил. Люблю его <3

#1: TXLib [Ver: 00173a, Rev: 171, Date: 2022-07-23 02:08:28 +0400], Instance: 0x0000000000688490 (64-bit), Flags: Cmdre0, Thread: 0x5C4 (Main). 

--------------------------------------------------
Стек вызовов:



--------------------------------------------------
Developed with:

The Dumb Artist Library (TX Library)
TXLib [Ver: 00173a, Rev: 171, Date: 2022-07-23 02:08:28 +0400]
Copyright (C) Ded (Ilya Dedinsky, http://txlib.ru) <mail@txlib.ru>
See license on: http://txlib.ru

TXLib file:	include/TXLib.h
Compiled:	Mar  5 2024 01:40:34, GNU g++ 8.1.0, std=201402L, MinGW-W64 Runtime 6.0.0 (alpha - rev. 0) 0000-00-00, 64-bit, Debug
Started:	Mar 17 2024 17:08:40

Run file:	C:\Users\Юлия\Desktop\tets\bin\Debug\tets.exe
Directory:	C:\Users\Юлия\Desktop\tets

--------------------------------------------------

--------------------------------------------------
TXLib соболезнует...

Программа: C:\Users\Юлия\Desktop\tets\bin\Debug\tets.exe,

ВНЕЗАПНО: signal (11, 0x00): SIGSEGV: Доступ по неверному указателю. Ставьте ассерты! 

Нарушение доступа к памяти.

#1: Исключение EXCEPTION_ACCESS_VIOLATION (0xC0000005) при выполнении кода по адресу 0x000000000047680A. Попытка прочесть данные по адресу 0xFFFFFFFFFFFFFFFF в модуле C:\Users\Юлия\Desktop\tets\bin\Debug\tets.exe. Спасибо _txVectoredExceptionHandler(), что сообщил. Люблю его <3

С помощью функции signal() вы можете сами обработать эту ошибку.

#2: TXLib [Ver: 00173a, Rev: 171, Date: 2022-07-23 02:08:28 +0400], Instance: 0x0000000000688490 (64-bit), Flags: Cmdre0, Thread: 0x5C4 (Main). 

--------------------------------------------------
Стек вызовов:



--------------------------------------------------
Developed with:

The Dumb Artist Library (TX Library)
TXLib [Ver: 00173a, Rev: 171, Date: 2022-07-23 02:08:28 +0400]
Copyright (C) Ded (Ilya Dedinsky, http://txlib.ru) <mail@txlib.ru>
See license on: http://txlib.ru

TXLib file:	include/TXLib.h
Compiled:	Mar  5 2024 01:40:34, GNU g++ 8.1.0, std=201402L, MinGW-W64 Runtime 6.0.0 (alpha - rev. 0) 0000-00-00, 64-bit, Debug
Started:	Mar 17 2024 17:08:40

Run file:	C:\Users\Юлия\Desktop\tets\bin\Debug\tets.exe
Directory:	C:\Users\Юлия\Desktop\tets

--------------------------------------------------

--------------------------------------------------
TXLib предупреждает:

Программа: C:\Users\Юлия\Desktop\tets\bin\Debug\tets.exe,

ВНЕЗАПНО: Нарушение доступа к памяти.

#1: Исключение EXCEPTION_ACCESS_VIOLATION (0xC0000005) при выполнении кода по адресу 0x000000000047690A. Попытка записать данные по адресу 0x0000000000000008 в модуле C:\Users\Юлия\Desktop\tets\bin\Debug\tets.exe. Спасибо _txVectoredExceptionHandler(), что сообщил. Люблю его <3

#1: TXLib [Ver: 00173a, Rev: 171, Date: 2022-07-23 02:08:28 +0400], Instance: 0x0000000000688490 (64-bit), Flags: Cmdre0, Thread: 0x20B0 (Main). 

--------------------------------------------------
Стек вызовов:



--------------------------------------------------
Developed with:

The Dumb Artist Library (TX Library)
TXLib [Ver: 00173a, Rev: 171, Date: 2022-07-23 02:08:28 +0400]
Copyright (C) Ded (Ilya Dedinsky, http://txlib.ru) <mail@txlib.ru>
See license on: http://txlib.ru

TXLib file:	include/TXLib.h
Compiled:	Mar  5 2024 01:40:34, GNU g++ 8.1.0, std=201402L, MinGW-W64 Runtime 6.0.0 (alpha - rev. 0) 0000-00-00, 64-bit, Debug
Started:	Mar 19 2024 17:03:48

Run file:	C:\Users\Юлия\Desktop\tets\bin\Debug\tets.exe
Directory:	C:\Users\Юлия\Desktop\tets

--------------------------------------------------

--------------------------------------------------
TXLib соболезнует...

Программа: C:\Users\Юлия\Desktop\tets\bin\Debug\tets.exe,

ВНЕЗАПНО: signal (11, 0x00): SIGSEGV: Доступ по неверному указателю. Ставьте ассерты! 

Нарушение доступа к памяти.

#1: Исключение EXCEPTION_ACCESS_VIOLATION (0xC0000005) при выполнении кода по адресу 0x000000000047690A. Попытка записать данные по адресу 0x0000000000000008 в модуле C:\Users\Юлия\Desktop\tets\bin\Debug\tets.exe. Спасибо _txVectoredExceptionHandler(), что сообщил. Люблю его <3

С помощью функции signal() вы можете сами обработать эту ошибку.

#2: TXLib [Ver: 00173a, Rev: 171, Date: 2022-07-23 02:08:28 +0400], Instance: 0x0000000000688490 (64-bit), Flags: Cmdre0, Thread: 0x20B0 (Main). 

--------------------------------------------------
Стек вызовов:



--------------------------------------------------
Developed with:

The Dumb Artist Library (TX Library)
TXLib [Ver: 00173a, Rev: 171, Date: 2022-07-23 02:08:28 +0400]
Copyright (C) Ded (Ilya Dedinsky, http://txlib.ru) <mail@txlib.ru>
See license on: http://txlib.ru

TXLib file:	include/TXLib.h
Compiled:	Mar  5 2024 01:40:34, GNU g++ 8.1.0, std=201402L, MinGW-W64 Runtime 6.0.0 (alpha - rev. 0) 0000-00-00, 64-bit, Debug
Started:	Mar 19 2024 17:03:48

Run file:	C:\Users\Юлия\Desktop\tets\bin\Debug\tets.exe
Directory:	C:\Users\Юлия\Desktop\tets

--------------------------------------------------

--------------------------------------------------
TXLib предупреждает:

Программа: C:\Users\Юлия\Desktop\tets\bin\Debug\tets.exe,

ВНЕЗАПНО: Нарушение доступа к памяти.

#1: Исключение EXCEPTION_ACCESS_VIOLATION (0xC0000005) при выполнении кода по адресу 0x0000000000476814. Попытка прочесть данные по адресу NULL в модуле C:\Users\Юлия\Desktop\tets\bin\Debug\tets.exe. Спасибо _txVectoredExceptionHandler(), что сообщил. Люблю его <3

#1: TXLib [Ver: 00173a, Rev: 171, Date: 2022-07-23 02:08:28 +0400], Instance: 0x0000000000688490 (64-bit), Flags: Cmdre0, Thread: 0x3CE4 (Main). 

--------------------------------------------------
Стек вызовов:



--------------------------------------------------
Developed with:

The Dumb Artist Library (TX Library)
TXLib [Ver: 00173a, Rev: 171, Date: 2022-07-23 02:08:28 +0400]
Copyright (C) Ded (Ilya Dedinsky, http://txlib.ru) <mail@txlib.ru>
See license on: http://txlib.ru

TXLib file:	include/TXLib.h
Compiled:	Mar  5 2024 01:40:34, GNU g++ 8.1.0, std=201402L, MinGW-W64 Runtime 6.0.0 (alpha - rev. 0) 0000-00-00, 64-bit, Debug
Started:	Mar 19 2024 17:05:07

Run file:	C:\Users\Юлия\Desktop\tets\bin\Debug\tets.exe
Directory:	C:\Users\Юлия\Desktop\tets

--------------------------------------------------

--------------------------------------------------
TXLib соболезнует...

Программа: C:\Users\Юлия\Desktop\tets\bin\Debug\tets.exe,

ВНЕЗАПНО: signal (11, 0x00): SIGSEGV: Доступ по неверному указателю. Ставьте ассерты! 

Нарушение доступа к памяти.

#1: Исключение EXCEPTION_ACCESS_VIOLATION (0xC0000005) при выполнении кода по адресу 0x0000000000476814. Попытка прочесть данные по адресу NULL в модуле C:\Users\Юлия\Desktop\tets\bin\Debug\tets.exe. Спасибо _txVectoredExceptionHandler(), что сообщил. Люблю его <3

С помощью функции signal() вы можете сами обработать эту ошибку.

#2: TXLib [Ver: 00173a, Rev: 171, Date: 2022-07-23 02:08:28 +0400], Instance: 0x0000000000688490 (64-bit), Flags: Cmdre0, Thread: 0x3CE4 (Main). 

--------------------------------------------------
Стек вызовов:



--------------------------------------------------
Developed with:

The Dumb Artist Library (TX Library)
TXLib [Ver: 00173a, Rev: 171, Date: 2022-07-23 02:08:28 +0400]
Copyright (C) Ded (Ilya Dedinsky, http://txlib.ru) <mail@txlib.ru>
See license on: http://txlib.ru

TXLib file:	include/TXLib.h
Compiled:	Mar  5 2024 01:40:34, GNU g++ 8.1.0, std=201402L, MinGW-W64 Runtime 6.0.0 (alpha - rev. 0) 0000-00-00, 64-bit, Debug
Started:	Mar 19 2024 17:05:07

Run file:	C:\Users\Юлия\Desktop\tets\bin\Debug\tets.exe
Directory:	C:\Users\Юлия\Desktop\tets

--------------------------------------------------

--------------------------------------------------
TXLib предупреждает:

Программа: C:\Users\Юлия\Desktop\tets\bin\Debug\tets.exe,

ВНЕЗАПНО: Нарушение доступа к памяти.

#1: Исключение EXCEPTION_ACCESS_VIOLATION (0xC0000005) при выполнении кода по адресу 0x0000000000476814. Попытка прочесть данные по адресу NULL в модуле C:\Users\Юлия\Desktop\tets\bin\Debug\tets.exe. Спасибо _txVectoredExceptionHandler(), что сообщил. Люблю его <3

#1: TXLib [Ver: 00173a, Rev: 171, Date: 2022-07-23 02:08:28 +0400], Instance: 0x0000000000688490 (64-bit), Flags: Cmdre0, Thread: 0x46D4 (Main). 

--------------------------------------------------
Стек вызовов:



--------------------------------------------------
Developed with:

The Dumb Artist Library (TX Library)
TXLib [Ver: 00173a, Rev: 171, Date: 2022-07-23 02:08:28 +0400]
Copyright (C) Ded (Ilya Dedinsky, http://txlib.ru) <mail@txlib.ru>
See license on: http://txlib.ru

TXLib file:	include/TXLib.h
Compiled:	Mar  5 2024 01:40:34, GNU g++ 8.1.0, std=201402L, MinGW-W64 Runtime 6.0.0 (alpha - rev. 0) 0000-00-00, 64-bit, Debug
Started:	Mar 19 2024 17:05:40

Run file:	C:\Users\Юлия\Desktop\tets\bin\Debug\tets.exe
Directory:	C:\Users\Юлия\Desktop\tets

--------------------------------------------------

--------------------------------------------------
TXLib соболезнует...

Программа: C:\Users\Юлия\Desktop\tets\bin\Debug\tets.exe,

ВНЕЗАПНО: signal (11, 0x00): SIGSEGV: Доступ по неверному указателю. Ставьте ассерты! 

Нарушение доступа к памяти.

#1: Исключение EXCEPTION_ACCESS_VIOLATION (0xC0000005) при выполнении кода по адресу 0x0000000000476814. Попытка прочесть данные по адресу NULL в модуле C:\Users\Юлия\Desktop\tets\bin\Debug\tets.exe. Спасибо _txVectoredExceptionHandler(), что сообщил. Люблю его <3

С помощью функции signal() вы можете сами обработать эту ошибку.

#2: TXLib [Ver: 00173a, Rev: 171, Date: 2022-07-23 02:08:28 +0400], Instance: 0x0000000000688490 (64-bit), Flags: Cmdre0, Thread: 0x46D4 (Main). 

--------------------------------------------------
Стек вызовов:



--------------------------------------------------
Developed with:

The Dumb Artist Library (TX Library)
TXLib [Ver: 00173a, Rev: 171, Date: 2022-07-23 02:08:28 +0400]
Copyright (C) Ded (Ilya Dedinsky, http://txlib.ru) <mail@txlib.ru>
See license on: http://txlib.ru

TXLib file:	include/TXLib.h
Compiled:	Mar  5 2024 01:40:34, GNU g++ 8.1.0, std=201402L, MinGW-W64 Runtime 6.0.0 (alpha - rev. 0) 0000-00-00, 64-bit, Debug
Started:	Mar 19 2024 17:05:40

Run file:	C:\Users\Юлия\Desktop\tets\bin\Debug\tets.exe
Directory:	C:\Users\Юлия\Desktop\tets

--------------------------------------------------

--------------------------------------------------
TXLib предупреждает:

Программа: C:\Users\Юлия\Desktop\tets\bin\Debug\tets.exe,

ВНЕЗАПНО: Нарушение доступа к памяти.

#1: Исключение EXCEPTION_ACCESS_VIOLATION (0xC0000005) при выполнении кода по адресу 0x00007FFB7E05853B. Попытка записать данные по адресу 0x000000000051D600 в модуле C:\WINDOWS\SYSTEM32\textinputframework.dll. Спасибо _txVectoredExceptionHandler(), что сообщил. Люблю его <3

#1: TXLib [Ver: 00173a, Rev: 171, Date: 2022-07-23 02:08:28 +0400], Instance: 0x0000000000688490 (64-bit), Flags: Cmdre0, Thread: 0x2E1C (Main). 

--------------------------------------------------
Стек вызовов:



--------------------------------------------------
Developed with:

The Dumb Artist Library (TX Library)
TXLib [Ver: 00173a, Rev: 171, Date: 2022-07-23 02:08:28 +0400]
Copyright (C) Ded (Ilya Dedinsky, http://txlib.ru) <mail@txlib.ru>
See license on: http://txlib.ru

TXLib file:	include/TXLib.h
Compiled:	Mar  5 2024 01:40:34, GNU g++ 8.1.0, std=201402L, MinGW-W64 Runtime 6.0.0 (alpha - rev. 0) 0000-00-00, 64-bit, Debug
Started:	Mar 19 2024 17:06:32

Run file:	C:\Users\Юлия\Desktop\tets\bin\Debug\tets.exe
Directory:	C:\Users\Юлия\Desktop\tets

--------------------------------------------------

--------------------------------------------------
TXLib соболезнует...

Программа: C:\Users\Юлия\Desktop\tets\bin\Debug\tets.exe,

ВНЕЗАПНО: signal (11, 0x00): SIGSEGV: Доступ по неверному указателю. Ставьте ассерты! 

Нарушение доступа к памяти.

#1: Исключение EXCEPTION_ACCESS_VIOLATION (0xC0000005) при выполнении кода по адресу 0x00007FFB7E05853B. Попытка записать данные по адресу 0x000000000051D600 в модуле C:\WINDOWS\SYSTEM32\textinputframework.dll. Спасибо _txVectoredExceptionHandler(), что сообщил. Люблю его <3

С помощью функции signal() вы можете сами обработать эту ошибку.

#2: TXLib [Ver: 00173a, Rev: 171, Date: 2022-07-23 02:08:28 +0400], Instance: 0x0000000000688490 (64-bit), Flags: Cmdre0, Thread: 0x2E1C (Main). 

--------------------------------------------------
Стек вызовов:



--------------------------------------------------
Developed with:

The Dumb Artist Library (TX Library)
TXLib [Ver: 00173a, Rev: 171, Date: 2022-07-23 02:08:28 +0400]
Copyright (C) Ded (Ilya Dedinsky, http://txlib.ru) <mail@txlib.ru>
See license on: http://txlib.ru

TXLib file:	include/TXLib.h
Compiled:	Mar  5 2024 01:40:34, GNU g++ 8.1.0, std=201402L, MinGW-W64 Runtime 6.0.0 (alpha - rev. 0) 0000-00-00, 64-bit, Debug
Started:	Mar 19 2024 17:06:32

Run file:	C:\Users\Юлия\Desktop\tets\bin\Debug\tets.exe
Directory:	C:\Users\Юлия\Desktop\tets

--------------------------------------------------

--------------------------------------------------
TXLib предупреждает:

Программа: C:\Users\Юлия\Desktop\tets\bin\Debug\tets.exe,

ВНЕЗАПНО: Нарушение доступа к памяти.

#1: Исключение EXCEPTION_ACCESS_VIOLATION (0xC0000005) при выполнении кода по адресу 0x0000000000476724. Попытка прочесть данные по адресу NULL в модуле C:\Users\Юлия\Desktop\tets\bin\Debug\tets.exe. Спасибо _txVectoredExceptionHandler(), что сообщил. Люблю его <3

#1: TXLib [Ver: 00173a, Rev: 171, Date: 2022-07-23 02:08:28 +0400], Instance: 0x0000000000688490 (64-bit), Flags: Cmdre0, Thread: 0x1FBC (Main). 

--------------------------------------------------
Стек вызовов:



--------------------------------------------------
Developed with:

The Dumb Artist Library (TX Library)
TXLib [Ver: 00173a, Rev: 171, Date: 2022-07-23 02:08:28 +0400]
Copyright (C) Ded (Ilya Dedinsky, http://txlib.ru) <mail@txlib.ru>
See license on: http://txlib.ru

TXLib file:	include/TXLib.h
Compiled:	Mar  5 2024 01:40:34, GNU g++ 8.1.0, std=201402L, MinGW-W64 Runtime 6.0.0 (alpha - rev. 0) 0000-00-00, 64-bit, Debug
Started:	Mar 19 2024 17:06:56

Run file:	C:\Users\Юлия\Desktop\tets\bin\Debug\tets.exe
Directory:	C:\Users\Юлия\Desktop\tets

--------------------------------------------------

--------------------------------------------------
TXLib соболезнует...

Программа: C:\Users\Юлия\Desktop\tets\bin\Debug\tets.exe,

ВНЕЗАПНО: signal (11, 0x00): SIGSEGV: Доступ по неверному указателю. Ставьте ассерты! 

Нарушение доступа к памяти.

#1: Исключение EXCEPTION_ACCESS_VIOLATION (0xC0000005) при выполнении кода по адресу 0x0000000000476724. Попытка прочесть данные по адресу NULL в модуле C:\Users\Юлия\Desktop\tets\bin\Debug\tets.exe. Спасибо _txVectoredExceptionHandler(), что сообщил. Люблю его <3

С помощью функции signal() вы можете сами обработать эту ошибку.

#2: TXLib [Ver: 00173a, Rev: 171, Date: 2022-07-23 02:08:28 +0400], Instance: 0x0000000000688490 (64-bit), Flags: Cmdre0, Thread: 0x1FBC (Main). 

--------------------------------------------------
Стек вызовов:



--------------------------------------------------
Developed with:

The Dumb Artist Library (TX Library)
TXLib [Ver: 00173a, Rev: 171, Date: 2022-07-23 02:08:28 +0400]
Copyright (C) Ded (Ilya Dedinsky, http://txlib.ru) <mail@txlib.ru>
See license on: http://txlib.ru

TXLib file:	include/TXLib.h
Compiled:	Mar  5 2024 01:40:34, GNU g++ 8.1.0, std=201402L, MinGW-W64 Runtime 6.0.0 (alpha - rev. 0) 0000-00-00, 64-bit, Debug
Started:	Mar 19 2024 17:06:57

Run file:	C:\Users\Юлия\Desktop\tets\bin\Debug\tets.exe
Directory:	C:\Users\Юлия\Desktop\tets

--------------------------------------------------

--------------------------------------------------
TXLib предупреждает:

Программа: C:\Users\Юлия\Desktop\tets\bin\Debug\tets.exe,

ВНЕЗАПНО: Нарушение доступа к памяти.

#1: Исключение EXCEPTION_ACCESS_VIOLATION (0xC0000005) при выполнении кода по адресу 0x0000000000476EC4. Попытка прочесть данные по адресу 0x000000002318585D в модуле C:\Users\Юлия\Desktop\tets\bin\Debug\tets.exe. Спасибо _txVectoredExceptionHandler(), что сообщил. Люблю его <3

#1: TXLib [Ver: 00173a, Rev: 171, Date: 2022-07-23 02:08:28 +0400], Instance: 0x0000000000689490 (64-bit), Flags: Cmdre0, Thread: 0x13AC (Main). 

--------------------------------------------------
Стек вызовов:



--------------------------------------------------
Developed with:

The Dumb Artist Library (TX Library)
TXLib [Ver: 00173a, Rev: 171, Date: 2022-07-23 02:08:28 +0400]
Copyright (C) Ded (Ilya Dedinsky, http://txlib.ru) <mail@txlib.ru>
See license on: http://txlib.ru

TXLib file:	include/TXLib.h
Compiled:	Mar 23 2024 20:47:29, GNU g++ 8.1.0, std=201402L, MinGW-W64 Runtime 6.0.0 (alpha - rev. 0) 0000-00-00, 64-bit, Debug
Started:	Mar 25 2024 10:49:01

Run file:	C:\Users\Юлия\Desktop\tets\bin\Debug\tets.exe
Directory:	C:\Users\Юлия\Desktop\tets

--------------------------------------------------

--------------------------------------------------
TXLib соболезнует...

Программа: C:\Users\Юлия\Desktop\tets\bin\Debug\tets.exe,

ВНЕЗАПНО: signal (11, 0x00): SIGSEGV: Доступ по неверному указателю. Ставьте ассерты! 

Нарушение доступа к памяти.

#1: Исключение EXCEPTION_ACCESS_VIOLATION (0xC0000005) при выполнении кода по адресу 0x0000000000476EC4. Попытка прочесть данные по адресу 0x000000002318585D в модуле C:\Users\Юлия\Desktop\tets\bin\Debug\tets.exe. Спасибо _txVectoredExceptionHandler(), что сообщил. Люблю его <3

С помощью функции signal() вы можете сами обработать эту ошибку.

#2: TXLib [Ver: 00173a, Rev: 171, Date: 2022-07-23 02:08:28 +0400], Instance: 0x0000000000689490 (64-bit), Flags: Cmdre0, Thread: 0x13AC (Main). 

--------------------------------------------------
Стек вызовов:



--------------------------------------------------
Developed with:

The Dumb Artist Library (TX Library)
TXLib [Ver: 00173a, Rev: 171, Date: 2022-07-23 02:08:28 +0400]
Copyright (C) Ded (Ilya Dedinsky, http://txlib.ru) <mail@txlib.ru>
See license on: http://txlib.ru

TXLib file:	include/TXLib.h
Compiled:	Mar 23 2024 20:47:29, GNU g++ 8.1.0, std=201402L, MinGW-W64 Runtime 6.0.0 (alpha - rev. 0) 0000-00-00, 64-bit, Debug
Started:	Mar 25 2024 10:49:02

Run file:	C:\Users\Юлия\Desktop\tets\bin\Debug\tets.exe
Directory:	C:\Users\Юлия\Desktop\tets

--------------------------------------------------

--------------------------------------------------
TXLib предупреждает:

Программа: C:\Users\Юлия\Desktop\tets\bin\Debug\tets.exe,

ВНЕЗАПНО: Нарушение доступа к памяти.

#1: Исключение EXCEPTION_ACCESS_VIOLATION (0xC0000005) при выполнении кода по адресу 0x000000000043C15C. Попытка прочесть данные по адресу NULL в модуле C:\Users\Юлия\Desktop\tets\bin\Debug\tets.exe. Спасибо _txVectoredExceptionHandler(), что сообщил. Люблю его <3

#1: TXLib [Ver: 00173a, Rev: 171, Date: 2022-07-23 02:08:28 +0400], Instance: 0x000000000074B310 (64-bit), Flags: Cmdre0, Thread: 0xF10 (Main). 

--------------------------------------------------
Стек вызовов:



--------------------------------------------------
Developed with:

The Dumb Artist Library (TX Library)
TXLib [Ver: 00173a, Rev: 171, Date: 2022-07-23 02:08:28 +0400]
Copyright (C) Ded (Ilya Dedinsky, http://txlib.ru) <mail@txlib.ru>
See license on: http://txlib.ru

TXLib file:	include/TXLib.h
Compiled:	Mar 25 2024 12:09:45, GNU g++ 8.1.0, std=201402L, MinGW-W64 Runtime 6.0.0 (alpha - rev. 0) 0000-00-00, 64-bit, Debug
Started:	Mar 26 2024 12:28:30

Run file:	C:\Users\Юлия\Desktop\tets\bin\Debug\tets.exe
Directory:	C:\Users\Юлия\Desktop\tets

--------------------------------------------------

--------------------------------------------------
TXLib соболезнует...

Программа: C:\Users\Юлия\Desktop\tets\bin\Debug\tets.exe,

ВНЕЗАПНО: signal (11, 0x00): SIGSEGV: Доступ по неверному указателю. Ставьте ассерты! 

Нарушение доступа к памяти.

#1: Исключение EXCEPTION_ACCESS_VIOLATION (0xC0000005) при выполнении кода по адресу 0x000000000043C15C. Попытка прочесть данные по адресу NULL в модуле C:\Users\Юлия\Desktop\tets\bin\Debug\tets.exe. Спасибо _txVectoredExceptionHandler(), что сообщил. Люблю его <3

С помощью функции signal() вы можете сами обработать эту ошибку.

#2: TXLib [Ver: 00173a, Rev: 171, Date: 2022-07-23 02:08:28 +0400], Instance: 0x000000000074B310 (64-bit), Flags: Cmdre0, Thread: 0xF10 (Main). 

--------------------------------------------------
Стек вызовов:



--------------------------------------------------
Developed with:

The Dumb Artist Library (TX Library)
TXLib [Ver: 00173a, Rev: 171, Date: 2022-07-23 02:08:28 +0400]
Copyright (C) Ded (Ilya Dedinsky, http://txlib.ru) <mail@txlib.ru>
See license on: http://txlib.ru

TXLib file:	include/TXLib.h
Compiled:	Mar 25 2024 12:09:45, GNU g++ 8.1.0, std=201402L, MinGW-W64 Runtime 6.0.0 (alpha - rev. 0) 0000-00-00, 64-bit, Debug
Started:	Mar 26 2024 12:28:31

Run file:	C:\Users\Юлия\Desktop\tets\bin\Debug\tets.exe
Directory:	C:\Users\Юлия\Desktop\tets

--------------------------------------------------

--------------------------------------------------
TXLib предупреждает:

Программа: C:\Users\Юлия\Desktop\tets\bin\Debug\tets.exe,

ВНЕЗАПНО: Нарушение доступа к памяти.

#1: Исключение EXCEPTION_ACCESS_VIOLATION (0xC0000005) при выполнении кода по адресу 0x000000000043C15C. Попытка прочесть данные по адресу NULL в модуле C:\Users\Юлия\Desktop\tets\bin\Debug\tets.exe. Спасибо _txVectoredExceptionHandler(), что сообщил. Люблю его <3

#1: TXLib [Ver: 00173a, Rev: 171, Date: 2022-07-23 02:08:28 +0400], Instance: 0x000000000074B310 (64-bit), Flags: Cmdre0, Thread: 0x27A8 (Main). 

--------------------------------------------------
Стек вызовов:



--------------------------------------------------
Developed with:

The Dumb Artist Library (TX Library)
TXLib [Ver: 00173a, Rev: 171, Date: 2022-07-23 02:08:28 +0400]
Copyright (C) Ded (Ilya Dedinsky, http://txlib.ru) <mail@txlib.ru>
See license on: http://txlib.ru

TXLib file:	include/TXLib.h
Compiled:	Mar 25 2024 12:09:45, GNU g++ 8.1.0, std=201402L, MinGW-W64 Runtime 6.0.0 (alpha - rev. 0) 0000-00-00, 64-bit, Debug
Started:	Mar 27 2024 10:37:34

Run file:	C:\Users\Юлия\Desktop\tets\bin\Debug\tets.exe
Directory:	C:\Users\Юлия\Desktop\tets

--------------------------------------------------

--------------------------------------------------
TXLib соболезнует...

Программа: C:\Users\Юлия\Desktop\tets\bin\Debug\tets.exe,

ВНЕЗАПНО: signal (11, 0x00): SIGSEGV: Доступ по неверному указателю. Ставьте ассерты! 

Нарушение доступа к памяти.

#1: Исключение EXCEPTION_ACCESS_VIOLATION (0xC0000005) при выполнении кода по адресу 0x000000000043C15C. Попытка прочесть данные по адресу NULL в модуле C:\Users\Юлия\Desktop\tets\bin\Debug\tets.exe. Спасибо _txVectoredExceptionHandler(), что сообщил. Люблю его <3

С помощью функции signal() вы можете сами обработать эту ошибку.

#2: TXLib [Ver: 00173a, Rev: 171, Date: 2022-07-23 02:08:28 +0400], Instance: 0x000000000074B310 (64-bit), Flags: Cmdre0, Thread: 0x27A8 (Main). 

--------------------------------------------------
Стек вызовов:



--------------------------------------------------
Developed with:

The Dumb Artist Library (TX Library)
TXLib [Ver: 00173a, Rev: 171, Date: 2022-07-23 02:08:28 +0400]
Copyright (C) Ded (Ilya Dedinsky, http://txlib.ru) <mail@txlib.ru>
See license on: http://txlib.ru

TXLib file:	include/TXLib.h
Compiled:	Mar 25 2024 12:09:45, GNU g++ 8.1.0, std=201402L, MinGW-W64 Runtime 6.0.0 (alpha - rev. 0) 0000-00-00, 64-bit, Debug
Started:	Mar 27 2024 10:37:34

Run file:	C:\Users\Юлия\Desktop\tets\bin\Debug\tets.exe
Directory:	C:\Users\Юлия\Desktop\tets

--------------------------------------------------

--------------------------------------------------
TXLib предупреждает:

Программа: C:\Users\Юлия\Desktop\tets\bin\Debug\tets.exe,

ВНЕЗАПНО: Нарушение доступа к памяти.

#1: Исключение EXCEPTION_ACCESS_VIOLATION (0xC0000005) при выполнении кода по адресу 0x000000000043C15C. Попытка прочесть данные по адресу NULL в модуле C:\Users\Юлия\Desktop\tets\bin\Debug\tets.exe. Спасибо _txVectoredExceptionHandler(), что сообщил. Люблю его <3

#1: TXLib [Ver: 00173a, Rev: 171, Date: 2022-07-23 02:08:28 +0400], Instance: 0x000000000074B310 (64-bit), Flags: Cmdre0, Thread: 0x39B4 (Main). 

--------------------------------------------------
Стек вызовов:



--------------------------------------------------
Developed with:

The Dumb Artist Library (TX Library)
TXLib [Ver: 00173a, Rev: 171, Date: 2022-07-23 02:08:28 +0400]
Copyright (C) Ded (Ilya Dedinsky, http://txlib.ru) <mail@txlib.ru>
See license on: http://txlib.ru

TXLib file:	include/TXLib.h
Compiled:	Mar 25 2024 12:09:45, GNU g++ 8.1.0, std=201402L, MinGW-W64 Runtime 6.0.0 (alpha - rev. 0) 0000-00-00, 64-bit, Debug
Started:	Mar 27 2024 10:42:25

Run file:	C:\Users\Юлия\Desktop\tets\bin\Debug\tets.exe
Directory:	C:\Users\Юлия\Desktop\tets

--------------------------------------------------

--------------------------------------------------
TXLib соболезнует...

Программа: C:\Users\Юлия\Desktop\tets\bin\Debug\tets.exe,

ВНЕЗАПНО: signal (11, 0x00): SIGSEGV: Доступ по неверному указателю. Ставьте ассерты! 

Нарушение доступа к памяти.

#1: Исключение EXCEPTION_ACCESS_VIOLATION (0xC0000005) при выполнении кода по адресу 0x000000000043C15C. Попытка прочесть данные по адресу NULL в модуле C:\Users\Юлия\Desktop\tets\bin\Debug\tets.exe. Спасибо _txVectoredExceptionHandler(), что сообщил. Люблю его <3

С помощью функции signal() вы можете сами обработать эту ошибку.

#2: TXLib [Ver: 00173a, Rev: 171, Date: 2022-07-23 02:08:28 +0400], Instance: 0x000000000074B310 (64-bit), Flags: Cmdre0, Thread: 0x39B4 (Main). 

--------------------------------------------------
Стек вызовов:



--------------------------------------------------
Developed with:

The Dumb Artist Library (TX Library)
TXLib [Ver: 00173a, Rev: 171, Date: 2022-07-23 02:08:28 +0400]
Copyright (C) Ded (Ilya Dedinsky, http://txlib.ru) <mail@txlib.ru>
See license on: http://txlib.ru

TXLib file:	include/TXLib.h
Compiled:	Mar 25 2024 12:09:45, GNU g++ 8.1.0, std=201402L, MinGW-W64 Runtime 6.0.0 (alpha - rev. 0) 0000-00-00, 64-bit, Debug
Started:	Mar 27 2024 10:42:25

Run file:	C:\Users\Юлия\Desktop\tets\bin\Debug\tets.exe
Directory:	C:\Users\Юлия\Desktop\tets

--------------------------------------------------

--------------------------------------------------
TXLib предупреждает:

Программа: C:\Users\Юлия\Desktop\tets\bin\Debug\tets.exe,

ВНЕЗАПНО: Нарушение доступа к памяти.

#1: Исключение EXCEPTION_ACCESS_VIOLATION (0xC0000005) при выполнении кода по адресу 0x000000000043C17B. Попытка прочесть данные по адресу NULL в модуле C:\Users\Юлия\Desktop\tets\bin\Debug\tets.exe. Спасибо _txVectoredExceptionHandler(), что сообщил. Люблю его <3

#1: TXLib [Ver: 00173a, Rev: 171, Date: 2022-07-23 02:08:28 +0400], Instance: 0x000000000074B310 (64-bit), Flags: Cmdre0, Thread: 0x3718 (Main). 

--------------------------------------------------
Стек вызовов:



--------------------------------------------------
Developed with:

The Dumb Artist Library (TX Library)
TXLib [Ver: 00173a, Rev: 171, Date: 2022-07-23 02:08:28 +0400]
Copyright (C) Ded (Ilya Dedinsky, http://txlib.ru) <mail@txlib.ru>
See license on: http://txlib.ru

TXLib file:	include/TXLib.h
Compiled:	Mar 25 2024 12:09:45, GNU g++ 8.1.0, std=201402L, MinGW-W64 Runtime 6.0.0 (alpha - rev. 0) 0000-00-00, 64-bit, Debug
Started:	Mar 27 2024 11:07:24

Run file:	C:\Users\Юлия\Desktop\tets\bin\Debug\tets.exe
Directory:	C:\Users\Юлия\Desktop\tets

--------------------------------------------------

--------------------------------------------------
TXLib соболезнует...

Программа: C:\Users\Юлия\Desktop\tets\bin\Debug\tets.exe,

ВНЕЗАПНО: signal (11, 0x00): SIGSEGV: Доступ по неверному указателю. Ставьте ассерты! 

Нарушение доступа к памяти.

#1: Исключение EXCEPTION_ACCESS_VIOLATION (0xC0000005) при выполнении кода по адресу 0x000000000043C17B. Попытка прочесть данные по адресу NULL в модуле C:\Users\Юлия\Desktop\tets\bin\Debug\tets.exe. Спасибо _txVectoredExceptionHandler(), что сообщил. Люблю его <3

С помощью функции signal() вы можете сами обработать эту ошибку.

#2: TXLib [Ver: 00173a, Rev: 171, Date: 2022-07-23 02:08:28 +0400], Instance: 0x000000000074B310 (64-bit), Flags: Cmdre0, Thread: 0x3718 (Main). 

--------------------------------------------------
Стек вызовов:



--------------------------------------------------
Developed with:

The Dumb Artist Library (TX Library)
TXLib [Ver: 00173a, Rev: 171, Date: 2022-07-23 02:08:28 +0400]
Copyright (C) Ded (Ilya Dedinsky, http://txlib.ru) <mail@txlib.ru>
See license on: http://txlib.ru

TXLib file:	include/TXLib.h
Compiled:	Mar 25 2024 12:09:45, GNU g++ 8.1.0, std=201402L, MinGW-W64 Runtime 6.0.0 (alpha - rev. 0) 0000-00-00, 64-bit, Debug
Started:	Mar 27 2024 11:07:24

Run file:	C:\Users\Юлия\Desktop\tets\bin\Debug\tets.exe
Directory:	C:\Users\Юлия\Desktop\tets

--------------------------------------------------

--------------------------------------------------
TXLib предупреждает:

Программа: C:\Users\Юлия\Desktop\tets\bin\Debug\tets.exe,

ВНЕЗАПНО: Нарушение доступа к памяти.

#1: Исключение EXCEPTION_ACCESS_VIOLATION (0xC0000005) при выполнении кода по адресу 0x000000000043C17B. Попытка прочесть данные по адресу NULL в модуле C:\Users\Юлия\Desktop\tets\bin\Debug\tets.exe. Спасибо _txVectoredExceptionHandler(), что сообщил. Люблю его <3

#1: TXLib [Ver: 00173a, Rev: 171, Date: 2022-07-23 02:08:28 +0400], Instance: 0x000000000074B310 (64-bit), Flags: Cmdre0, Thread: 0x1E5C (Main). 

--------------------------------------------------
Стек вызовов:



--------------------------------------------------
Developed with:

The Dumb Artist Library (TX Library)
TXLib [Ver: 00173a, Rev: 171, Date: 2022-07-23 02:08:28 +0400]
Copyright (C) Ded (Ilya Dedinsky, http://txlib.ru) <mail@txlib.ru>
See license on: http://txlib.ru

TXLib file:	include/TXLib.h
Compiled:	Mar 25 2024 12:09:45, GNU g++ 8.1.0, std=201402L, MinGW-W64 Runtime 6.0.0 (alpha - rev. 0) 0000-00-00, 64-bit, Debug
Started:	Mar 27 2024 11:11:02

Run file:	C:\Users\Юлия\Desktop\tets\bin\Debug\tets.exe
Directory:	C:\Users\Юлия\Desktop\tets

--------------------------------------------------

--------------------------------------------------
TXLib соболезнует...

Программа: C:\Users\Юлия\Desktop\tets\bin\Debug\tets.exe,

ВНЕЗАПНО: signal (11, 0x00): SIGSEGV: Доступ по неверному указателю. Ставьте ассерты! 

Нарушение доступа к памяти.

#1: Исключение EXCEPTION_ACCESS_VIOLATION (0xC0000005) при выполнении кода по адресу 0x000000000043C17B. Попытка прочесть данные по адресу NULL в модуле C:\Users\Юлия\Desktop\tets\bin\Debug\tets.exe. Спасибо _txVectoredExceptionHandler(), что сообщил. Люблю его <3

С помощью функции signal() вы можете сами обработать эту ошибку.

#2: TXLib [Ver: 00173a, Rev: 171, Date: 2022-07-23 02:08:28 +0400], Instance: 0x000000000074B310 (64-bit), Flags: Cmdre0, Thread: 0x1E5C (Main). 

--------------------------------------------------
Стек вызовов:



--------------------------------------------------
Developed with:

The Dumb Artist Library (TX Library)
TXLib [Ver: 00173a, Rev: 171, Date: 2022-07-23 02:08:28 +0400]
Copyright (C) Ded (Ilya Dedinsky, http://txlib.ru) <mail@txlib.ru>
See license on: http://txlib.ru

TXLib file:	include/TXLib.h
Compiled:	Mar 25 2024 12:09:45, GNU g++ 8.1.0, std=201402L, MinGW-W64 Runtime 6.0.0 (alpha - rev. 0) 0000-00-00, 64-bit, Debug
Started:	Mar 27 2024 11:11:02

Run file:	C:\Users\Юлия\Desktop\tets\bin\Debug\tets.exe
Directory:	C:\Users\Юлия\Desktop\tets

--------------------------------------------------

--------------------------------------------------
TXLib предупреждает:

Программа: C:\Users\Юлия\Desktop\tets\bin\Debug\tets.exe,

ВНЕЗАПНО: Нарушение доступа к памяти.

#1: Исключение EXCEPTION_ACCESS_VIOLATION (0xC0000005) при выполнении кода по адресу 0x00000000004B236A. Попытка записать данные по адресу 0x000000010000000C в модуле C:\Users\Юлия\Desktop\tets\bin\Debug\tets.exe. Спасибо _txVectoredExceptionHandler(), что сообщил. Люблю его <3

#1: TXLib [Ver: 00173a, Rev: 171, Date: 2022-07-23 02:08:28 +0400], Instance: 0x00000000007ACA70 (64-bit), Flags: Cmdre0, Thread: 0x24EC (Main). 

--------------------------------------------------
Стек вызовов:



--------------------------------------------------
Developed with:

The Dumb Artist Library (TX Library)
TXLib [Ver: 00173a, Rev: 171, Date: 2022-07-23 02:08:28 +0400]
Copyright (C) Ded (Ilya Dedinsky, http://txlib.ru) <mail@txlib.ru>
See license on: http://txlib.ru

TXLib file:	include/TXLib.h
Compiled:	Mar 25 2024 12:09:45, GNU g++ 8.1.0, std=201402L, MinGW-W64 Runtime 6.0.0 (alpha - rev. 0) 0000-00-00, 64-bit, Debug
Started:	Mar 28 2024 11:14:10

Run file:	C:\Users\Юлия\Desktop\tets\bin\Debug\tets.exe
Directory:	C:\Users\Юлия\Desktop\tets

--------------------------------------------------

--------------------------------------------------
TXLib соболезнует...

Программа: C:\Users\Юлия\Desktop\tets\bin\Debug\tets.exe,

ВНЕЗАПНО: signal (11, 0x00): SIGSEGV: Доступ по неверному указателю. Ставьте ассерты! 

Нарушение доступа к памяти.

#1: Исключение EXCEPTION_ACCESS_VIOLATION (0xC0000005) при выполнении кода по адресу 0x00000000004B236A. Попытка записать данные по адресу 0x000000010000000C в модуле C:\Users\Юлия\Desktop\tets\bin\Debug\tets.exe. Спасибо _txVectoredExceptionHandler(), что сообщил. Люблю его <3

С помощью функции signal() вы можете сами обработать эту ошибку.

#2: TXLib [Ver: 00173a, Rev: 171, Date: 2022-07-23 02:08:28 +0400], Instance: 0x00000000007ACA70 (64-bit), Flags: Cmdre0, Thread: 0x24EC (Main). 

--------------------------------------------------
Стек вызовов:



--------------------------------------------------
Developed with:

The Dumb Artist Library (TX Library)
TXLib [Ver: 00173a, Rev: 171, Date: 2022-07-23 02:08:28 +0400]
Copyright (C) Ded (Ilya Dedinsky, http://txlib.ru) <mail@txlib.ru>
See license on: http://txlib.ru

TXLib file:	include/TXLib.h
Compiled:	Mar 25 2024 12:09:45, GNU g++ 8.1.0, std=201402L, MinGW-W64 Runtime 6.0.0 (alpha - rev. 0) 0000-00-00, 64-bit, Debug
Started:	Mar 28 2024 11:14:10

Run file:	C:\Users\Юлия\Desktop\tets\bin\Debug\tets.exe
Directory:	C:\Users\Юлия\Desktop\tets

--------------------------------------------------

--------------------------------------------------
TXLib предупреждает:

Программа: C:\Users\Юлия\Desktop\tets\bin\Debug\tets.exe,

ВНЕЗАПНО: Нарушение доступа к памяти.

#1: Исключение EXCEPTION_ACCESS_VIOLATION (0xC0000005) при выполнении кода по адресу 0x00000000004B238A. Попытка записать данные по адресу 0x000000010000000C в модуле C:\Users\Юлия\Desktop\tets\bin\Debug\tets.exe. Спасибо _txVectoredExceptionHandler(), что сообщил. Люблю его <3

#1: TXLib [Ver: 00173a, Rev: 171, Date: 2022-07-23 02:08:28 +0400], Instance: 0x00000000007ACA70 (64-bit), Flags: Cmdre0, Thread: 0x35F4 (Main). 

--------------------------------------------------
Стек вызовов:



--------------------------------------------------
Developed with:

The Dumb Artist Library (TX Library)
TXLib [Ver: 00173a, Rev: 171, Date: 2022-07-23 02:08:28 +0400]
Copyright (C) Ded (Ilya Dedinsky, http://txlib.ru) <mail@txlib.ru>
See license on: http://txlib.ru

TXLib file:	include/TXLib.h
Compiled:	Mar 25 2024 12:09:45, GNU g++ 8.1.0, std=201402L, MinGW-W64 Runtime 6.0.0 (alpha - rev. 0) 0000-00-00, 64-bit, Debug
Started:	Mar 28 2024 11:31:28

Run file:	C:\Users\Юлия\Desktop\tets\bin\Debug\tets.exe
Directory:	C:\Users\Юлия\Desktop\tets

--------------------------------------------------

--------------------------------------------------
TXLib соболезнует...

Программа: C:\Users\Юлия\Desktop\tets\bin\Debug\tets.exe,

ВНЕЗАПНО: signal (11, 0x00): SIGSEGV: Доступ по неверному указателю. Ставьте ассерты! 

Нарушение доступа к памяти.

#1: Исключение EXCEPTION_ACCESS_VIOLATION (0xC0000005) при выполнении кода по адресу 0x00000000004B238A. Попытка записать данные по адресу 0x000000010000000C в модуле C:\Users\Юлия\Desktop\tets\bin\Debug\tets.exe. Спасибо _txVectoredExceptionHandler(), что сообщил. Люблю его <3

С помощью функции signal() вы можете сами обработать эту ошибку.

#2: TXLib [Ver: 00173a, Rev: 171, Date: 2022-07-23 02:08:28 +0400], Instance: 0x00000000007ACA70 (64-bit), Flags: Cmdre0, Thread: 0x35F4 (Main). 

--------------------------------------------------
Стек вызовов:



--------------------------------------------------
Developed with:

The Dumb Artist Library (TX Library)
TXLib [Ver: 00173a, Rev: 171, Date: 2022-07-23 02:08:28 +0400]
Copyright (C) Ded (Ilya Dedinsky, http://txlib.ru) <mail@txlib.ru>
See license on: http://txlib.ru

TXLib file:	include/TXLib.h
Compiled:	Mar 25 2024 12:09:45, GNU g++ 8.1.0, std=201402L, MinGW-W64 Runtime 6.0.0 (alpha - rev. 0) 0000-00-00, 64-bit, Debug
Started:	Mar 28 2024 11:31:28

Run file:	C:\Users\Юлия\Desktop\tets\bin\Debug\tets.exe
Directory:	C:\Users\Юлия\Desktop\tets

--------------------------------------------------

--------------------------------------------------
TXLib предупреждает:

Программа: C:\Users\Юлия\Desktop\tets\bin\Debug\tets.exe,

ВНЕЗАПНО: Нарушение доступа к памяти.

#1: Исключение EXCEPTION_ACCESS_VIOLATION (0xC0000005) при выполнении кода по адресу 0x00000000004B238A. Попытка записать данные по адресу 0x0000000000000008 в модуле C:\Users\Юлия\Desktop\tets\bin\Debug\tets.exe. Спасибо _txVectoredExceptionHandler(), что сообщил. Люблю его <3

#1: TXLib [Ver: 00173a, Rev: 171, Date: 2022-07-23 02:08:28 +0400], Instance: 0x00000000007ACA70 (64-bit), Flags: Cmdre0, Thread: 0x3480 (Main). 

--------------------------------------------------
Стек вызовов:



--------------------------------------------------
Developed with:

The Dumb Artist Library (TX Library)
TXLib [Ver: 00173a, Rev: 171, Date: 2022-07-23 02:08:28 +0400]
Copyright (C) Ded (Ilya Dedinsky, http://txlib.ru) <mail@txlib.ru>
See license on: http://txlib.ru

TXLib file:	include/TXLib.h
Compiled:	Mar 25 2024 12:09:45, GNU g++ 8.1.0, std=201402L, MinGW-W64 Runtime 6.0.0 (alpha - rev. 0) 0000-00-00, 64-bit, Debug
Started:	Mar 28 2024 11:32:28

Run file:	C:\Users\Юлия\Desktop\tets\bin\Debug\tets.exe
Directory:	C:\Users\Юлия\Desktop\tets

--------------------------------------------------

--------------------------------------------------
TXLib соболезнует...

Программа: C:\Users\Юлия\Desktop\tets\bin\Debug\tets.exe,

ВНЕЗАПНО: signal (11, 0x00): SIGSEGV: Доступ по неверному указателю. Ставьте ассерты! 

Нарушение доступа к памяти.

#1: Исключение EXCEPTION_ACCESS_VIOLATION (0xC0000005) при выполнении кода по адресу 0x00000000004B238A. Попытка записать данные по адресу 0x0000000000000008 в модуле C:\Users\Юлия\Desktop\tets\bin\Debug\tets.exe. Спасибо _txVectoredExceptionHandler(), что сообщил. Люблю его <3

С помощью функции signal() вы можете сами обработать эту ошибку.

#2: TXLib [Ver: 00173a, Rev: 171, Date: 2022-07-23 02:08:28 +0400], Instance: 0x00000000007ACA70 (64-bit), Flags: Cmdre0, Thread: 0x3480 (Main). 

--------------------------------------------------
Стек вызовов:



--------------------------------------------------
Developed with:

The Dumb Artist Library (TX Library)
TXLib [Ver: 00173a, Rev: 171, Date: 2022-07-23 02:08:28 +0400]
Copyright (C) Ded (Ilya Dedinsky, http://txlib.ru) <mail@txlib.ru>
See license on: http://txlib.ru

TXLib file:	include/TXLib.h
Compiled:	Mar 25 2024 12:09:45, GNU g++ 8.1.0, std=201402L, MinGW-W64 Runtime 6.0.0 (alpha - rev. 0) 0000-00-00, 64-bit, Debug
Started:	Mar 28 2024 11:32:28

Run file:	C:\Users\Юлия\Desktop\tets\bin\Debug\tets.exe
Directory:	C:\Users\Юлия\Desktop\tets

--------------------------------------------------

--------------------------------------------------
TXLib предупреждает:

Программа: C:\Users\Юлия\Desktop\tets\bin\Debug\tets.exe,

ВНЕЗАПНО: Нарушение доступа к памяти.

#1: Исключение EXCEPTION_ACCESS_VIOLATION (0xC0000005) при выполнении кода по адресу 0x00000000004B238A. Попытка записать данные по адресу 0x000000010000000C в модуле C:\Users\Юлия\Desktop\tets\bin\Debug\tets.exe. Спасибо _txVectoredExceptionHandler(), что сообщил. Люблю его <3

#1: TXLib [Ver: 00173a, Rev: 171, Date: 2022-07-23 02:08:28 +0400], Instance: 0x00000000007ACA70 (64-bit), Flags: Cmdre0, Thread: 0x2C7C (Main). 

--------------------------------------------------
Стек вызовов:



--------------------------------------------------
Developed with:

The Dumb Artist Library (TX Library)
TXLib [Ver: 00173a, Rev: 171, Date: 2022-07-23 02:08:28 +0400]
Copyright (C) Ded (Ilya Dedinsky, http://txlib.ru) <mail@txlib.ru>
See license on: http://txlib.ru

TXLib file:	include/TXLib.h
Compiled:	Mar 25 2024 12:09:45, GNU g++ 8.1.0, std=201402L, MinGW-W64 Runtime 6.0.0 (alpha - rev. 0) 0000-00-00, 64-bit, Debug
Started:	Mar 28 2024 11:34:48

Run file:	C:\Users\Юлия\Desktop\tets\bin\Debug\tets.exe
Directory:	C:\Users\Юлия\Desktop\tets

--------------------------------------------------

--------------------------------------------------
TXLib соболезнует...

Программа: C:\Users\Юлия\Desktop\tets\bin\Debug\tets.exe,

ВНЕЗАПНО: signal (11, 0x00): SIGSEGV: Доступ по неверному указателю. Ставьте ассерты! 

Нарушение доступа к памяти.

#1: Исключение EXCEPTION_ACCESS_VIOLATION (0xC0000005) при выполнении кода по адресу 0x00000000004B238A. Попытка записать данные по адресу 0x000000010000000C в модуле C:\Users\Юлия\Desktop\tets\bin\Debug\tets.exe. Спасибо _txVectoredExceptionHandler(), что сообщил. Люблю его <3

С помощью функции signal() вы можете сами обработать эту ошибку.

#2: TXLib [Ver: 00173a, Rev: 171, Date: 2022-07-23 02:08:28 +0400], Instance: 0x00000000007ACA70 (64-bit), Flags: Cmdre0, Thread: 0x2C7C (Main). 

--------------------------------------------------
Стек вызовов:



--------------------------------------------------
Developed with:

The Dumb Artist Library (TX Library)
TXLib [Ver: 00173a, Rev: 171, Date: 2022-07-23 02:08:28 +0400]
Copyright (C) Ded (Ilya Dedinsky, http://txlib.ru) <mail@txlib.ru>
See license on: http://txlib.ru

TXLib file:	include/TXLib.h
Compiled:	Mar 25 2024 12:09:45, GNU g++ 8.1.0, std=201402L, MinGW-W64 Runtime 6.0.0 (alpha - rev. 0) 0000-00-00, 64-bit, Debug
Started:	Mar 28 2024 11:34:48

Run file:	C:\Users\Юлия\Desktop\tets\bin\Debug\tets.exe
Directory:	C:\Users\Юлия\Desktop\tets

--------------------------------------------------

--------------------------------------------------
TXLib предупреждает:

Программа: C:\Users\Юлия\Desktop\tets\bin\Debug\tets.exe,

ВНЕЗАПНО: Нарушение доступа к памяти.

#1: Исключение EXCEPTION_ACCESS_VIOLATION (0xC0000005) при выполнении кода по адресу 0x00000000004B238A. Попытка записать данные по адресу 0x000000010000000C в модуле C:\Users\Юлия\Desktop\tets\bin\Debug\tets.exe. Спасибо _txVectoredExceptionHandler(), что сообщил. Люблю его <3

#1: TXLib [Ver: 00173a, Rev: 171, Date: 2022-07-23 02:08:28 +0400], Instance: 0x00000000007ACA70 (64-bit), Flags: Cmdre0, Thread: 0x6B0 (Main). 

--------------------------------------------------
Стек вызовов:



--------------------------------------------------
Developed with:

The Dumb Artist Library (TX Library)
TXLib [Ver: 00173a, Rev: 171, Date: 2022-07-23 02:08:28 +0400]
Copyright (C) Ded (Ilya Dedinsky, http://txlib.ru) <mail@txlib.ru>
See license on: http://txlib.ru

TXLib file:	include/TXLib.h
Compiled:	Mar 25 2024 12:09:45, GNU g++ 8.1.0, std=201402L, MinGW-W64 Runtime 6.0.0 (alpha - rev. 0) 0000-00-00, 64-bit, Debug
Started:	Mar 28 2024 11:36:33

Run file:	C:\Users\Юлия\Desktop\tets\bin\Debug\tets.exe
Directory:	C:\Users\Юлия\Desktop\tets

--------------------------------------------------

--------------------------------------------------
TXLib соболезнует...

Программа: C:\Users\Юлия\Desktop\tets\bin\Debug\tets.exe,

ВНЕЗАПНО: signal (11, 0x00): SIGSEGV: Доступ по неверному указателю. Ставьте ассерты! 

Нарушение доступа к памяти.

#1: Исключение EXCEPTION_ACCESS_VIOLATION (0xC0000005) при выполнении кода по адресу 0x00000000004B238A. Попытка записать данные по адресу 0x000000010000000C в модуле C:\Users\Юлия\Desktop\tets\bin\Debug\tets.exe. Спасибо _txVectoredExceptionHandler(), что сообщил. Люблю его <3

С помощью функции signal() вы можете сами обработать эту ошибку.

#2: TXLib [Ver: 00173a, Rev: 171, Date: 2022-07-23 02:08:28 +0400], Instance: 0x00000000007ACA70 (64-bit), Flags: Cmdre0, Thread: 0x6B0 (Main). 

--------------------------------------------------
Стек вызовов:



--------------------------------------------------
Developed with:

The Dumb Artist Library (TX Library)
TXLib [Ver: 00173a, Rev: 171, Date: 2022-07-23 02:08:28 +0400]
Copyright (C) Ded (Ilya Dedinsky, http://txlib.ru) <mail@txlib.ru>
See license on: http://txlib.ru

TXLib file:	include/TXLib.h
Compiled:	Mar 25 2024 12:09:45, GNU g++ 8.1.0, std=201402L, MinGW-W64 Runtime 6.0.0 (alpha - rev. 0) 0000-00-00, 64-bit, Debug
Started:	Mar 28 2024 11:36:33

Run file:	C:\Users\Юлия\Desktop\tets\bin\Debug\tets.exe
Directory:	C:\Users\Юлия\Desktop\tets

--------------------------------------------------

--------------------------------------------------
TXLib предупреждает:

Программа: C:\Users\Юлия\Desktop\tets\bin\Debug\tets.exe,

ВНЕЗАПНО: Нарушение доступа к памяти.

#1: Исключение EXCEPTION_ACCESS_VIOLATION (0xC0000005) при выполнении кода по адресу 0x00000000004B237A. Попытка записать данные по адресу 0x000000010000000C в модуле C:\Users\Юлия\Desktop\tets\bin\Debug\tets.exe. Спасибо _txVectoredExceptionHandler(), что сообщил. Люблю его <3

#1: TXLib [Ver: 00173a, Rev: 171, Date: 2022-07-23 02:08:28 +0400], Instance: 0x00000000007ACA70 (64-bit), Flags: Cmdre0, Thread: 0xE90 (Main). 

--------------------------------------------------
Стек вызовов:



--------------------------------------------------
Developed with:

The Dumb Artist Library (TX Library)
TXLib [Ver: 00173a, Rev: 171, Date: 2022-07-23 02:08:28 +0400]
Copyright (C) Ded (Ilya Dedinsky, http://txlib.ru) <mail@txlib.ru>
See license on: http://txlib.ru

TXLib file:	include/TXLib.h
Compiled:	Mar 25 2024 12:09:45, GNU g++ 8.1.0, std=201402L, MinGW-W64 Runtime 6.0.0 (alpha - rev. 0) 0000-00-00, 64-bit, Debug
Started:	Mar 28 2024 11:38:52

Run file:	C:\Users\Юлия\Desktop\tets\bin\Debug\tets.exe
Directory:	C:\Users\Юлия\Desktop\tets

--------------------------------------------------

--------------------------------------------------
TXLib соболезнует...

Программа: C:\Users\Юлия\Desktop\tets\bin\Debug\tets.exe,

ВНЕЗАПНО: signal (11, 0x00): SIGSEGV: Доступ по неверному указателю. Ставьте ассерты! 

Нарушение доступа к памяти.

#1: Исключение EXCEPTION_ACCESS_VIOLATION (0xC0000005) при выполнении кода по адресу 0x00000000004B237A. Попытка записать данные по адресу 0x000000010000000C в модуле C:\Users\Юлия\Desktop\tets\bin\Debug\tets.exe. Спасибо _txVectoredExceptionHandler(), что сообщил. Люблю его <3

С помощью функции signal() вы можете сами обработать эту ошибку.

#2: TXLib [Ver: 00173a, Rev: 171, Date: 2022-07-23 02:08:28 +0400], Instance: 0x00000000007ACA70 (64-bit), Flags: Cmdre0, Thread: 0xE90 (Main). 

--------------------------------------------------
Стек вызовов:



--------------------------------------------------
Developed with:

The Dumb Artist Library (TX Library)
TXLib [Ver: 00173a, Rev: 171, Date: 2022-07-23 02:08:28 +0400]
Copyright (C) Ded (Ilya Dedinsky, http://txlib.ru) <mail@txlib.ru>
See license on: http://txlib.ru

TXLib file:	include/TXLib.h
Compiled:	Mar 25 2024 12:09:45, GNU g++ 8.1.0, std=201402L, MinGW-W64 Runtime 6.0.0 (alpha - rev. 0) 0000-00-00, 64-bit, Debug
Started:	Mar 28 2024 11:38:53

Run file:	C:\Users\Юлия\Desktop\tets\bin\Debug\tets.exe
Directory:	C:\Users\Юлия\Desktop\tets

--------------------------------------------------

--------------------------------------------------
TXLib предупреждает:

Программа: C:\Users\Юлия\Desktop\tets\bin\Debug\tets.exe,

ВНЕЗАПНО: Нарушение доступа к памяти.

#1: Исключение EXCEPTION_ACCESS_VIOLATION (0xC0000005) при выполнении кода по адресу 0x00000000004B252A. Попытка записать данные по адресу 0x000000010000000C в модуле C:\Users\Юлия\Desktop\tets\bin\Debug\tets.exe. Спасибо _txVectoredExceptionHandler(), что сообщил. Люблю его <3

#1: TXLib [Ver: 00173a, Rev: 171, Date: 2022-07-23 02:08:28 +0400], Instance: 0x000000000080E1B0 (64-bit), Flags: Cmdre0, Thread: 0x2C7C (Main). 

--------------------------------------------------
Стек вызовов:



--------------------------------------------------
Developed with:

The Dumb Artist Library (TX Library)
TXLib [Ver: 00173a, Rev: 171, Date: 2022-07-23 02:08:28 +0400]
Copyright (C) Ded (Ilya Dedinsky, http://txlib.ru) <mail@txlib.ru>
See license on: http://txlib.ru

TXLib file:	include/TXLib.h
Compiled:	Mar 25 2024 12:09:45, GNU g++ 8.1.0, std=201402L, MinGW-W64 Runtime 6.0.0 (alpha - rev. 0) 0000-00-00, 64-bit, Debug
Started:	Mar 28 2024 16:08:31

Run file:	C:\Users\Юлия\Desktop\tets\bin\Debug\tets.exe
Directory:	C:\Users\Юлия\Desktop\tets

--------------------------------------------------

--------------------------------------------------
TXLib соболезнует...

Программа: C:\Users\Юлия\Desktop\tets\bin\Debug\tets.exe,

ВНЕЗАПНО: signal (11, 0x00): SIGSEGV: Доступ по неверному указателю. Ставьте ассерты! 

Нарушение доступа к памяти.

#1: Исключение EXCEPTION_ACCESS_VIOLATION (0xC0000005) при выполнении кода по адресу 0x00000000004B252A. Попытка записать данные по адресу 0x000000010000000C в модуле C:\Users\Юлия\Desktop\tets\bin\Debug\tets.exe. Спасибо _txVectoredExceptionHandler(), что сообщил. Люблю его <3

С помощью функции signal() вы можете сами обработать эту ошибку.

#2: TXLib [Ver: 00173a, Rev: 171, Date: 2022-07-23 02:08:28 +0400], Instance: 0x000000000080E1B0 (64-bit), Flags: Cmdre0, Thread: 0x2C7C (Main). 

--------------------------------------------------
Стек вызовов:



--------------------------------------------------
Developed with:

The Dumb Artist Library (TX Library)
TXLib [Ver: 00173a, Rev: 171, Date: 2022-07-23 02:08:28 +0400]
Copyright (C) Ded (Ilya Dedinsky, http://txlib.ru) <mail@txlib.ru>
See license on: http://txlib.ru

TXLib file:	include/TXLib.h
Compiled:	Mar 25 2024 12:09:45, GNU g++ 8.1.0, std=201402L, MinGW-W64 Runtime 6.0.0 (alpha - rev. 0) 0000-00-00, 64-bit, Debug
Started:	Mar 28 2024 16:08:32

Run file:	C:\Users\Юлия\Desktop\tets\bin\Debug\tets.exe
Directory:	C:\Users\Юлия\Desktop\tets

--------------------------------------------------

--------------------------------------------------
TXLib предупреждает:

Программа: C:\Users\Юлия\Desktop\tets\bin\Debug\tets.exe,

ВНЕЗАПНО: Нарушение доступа к памяти.

#1: Исключение EXCEPTION_ACCESS_VIOLATION (0xC0000005) при выполнении кода по адресу 0x00000000004B251A. Попытка записать данные по адресу 0x000000010000000C в модуле C:\Users\Юлия\Desktop\tets\bin\Debug\tets.exe. Спасибо _txVectoredExceptionHandler(), что сообщил. Люблю его <3

#1: TXLib [Ver: 00173a, Rev: 171, Date: 2022-07-23 02:08:28 +0400], Instance: 0x000000000080E1B0 (64-bit), Flags: Cmdre0, Thread: 0x610 (Main). 

--------------------------------------------------
Стек вызовов:



--------------------------------------------------
Developed with:

The Dumb Artist Library (TX Library)
TXLib [Ver: 00173a, Rev: 171, Date: 2022-07-23 02:08:28 +0400]
Copyright (C) Ded (Ilya Dedinsky, http://txlib.ru) <mail@txlib.ru>
See license on: http://txlib.ru

TXLib file:	include/TXLib.h
Compiled:	Mar 25 2024 12:09:45, GNU g++ 8.1.0, std=201402L, MinGW-W64 Runtime 6.0.0 (alpha - rev. 0) 0000-00-00, 64-bit, Debug
Started:	Mar 28 2024 16:10:50

Run file:	C:\Users\Юлия\Desktop\tets\bin\Debug\tets.exe
Directory:	C:\Users\Юлия\Desktop\tets

--------------------------------------------------

--------------------------------------------------
TXLib соболезнует...

Программа: C:\Users\Юлия\Desktop\tets\bin\Debug\tets.exe,

ВНЕЗАПНО: signal (11, 0x00): SIGSEGV: Доступ по неверному указателю. Ставьте ассерты! 

Нарушение доступа к памяти.

#1: Исключение EXCEPTION_ACCESS_VIOLATION (0xC0000005) при выполнении кода по адресу 0x00000000004B251A. Попытка записать данные по адресу 0x000000010000000C в модуле C:\Users\Юлия\Desktop\tets\bin\Debug\tets.exe. Спасибо _txVectoredExceptionHandler(), что сообщил. Люблю его <3

С помощью функции signal() вы можете сами обработать эту ошибку.

#2: TXLib [Ver: 00173a, Rev: 171, Date: 2022-07-23 02:08:28 +0400], Instance: 0x000000000080E1B0 (64-bit), Flags: Cmdre0, Thread: 0x610 (Main). 

--------------------------------------------------
Стек вызовов:



--------------------------------------------------
Developed with:

The Dumb Artist Library (TX Library)
TXLib [Ver: 00173a, Rev: 171, Date: 2022-07-23 02:08:28 +0400]
Copyright (C) Ded (Ilya Dedinsky, http://txlib.ru) <mail@txlib.ru>
See license on: http://txlib.ru

TXLib file:	include/TXLib.h
Compiled:	Mar 25 2024 12:09:45, GNU g++ 8.1.0, std=201402L, MinGW-W64 Runtime 6.0.0 (alpha - rev. 0) 0000-00-00, 64-bit, Debug
Started:	Mar 28 2024 16:10:50

Run file:	C:\Users\Юлия\Desktop\tets\bin\Debug\tets.exe
Directory:	C:\Users\Юлия\Desktop\tets

--------------------------------------------------

--------------------------------------------------
TXLib предупреждает:

Программа: C:\Users\Юлия\Desktop\tets\bin\Debug\tets.exe,

ВНЕЗАПНО: Нарушение доступа к памяти.

#1: Исключение EXCEPTION_ACCESS_VIOLATION (0xC0000005) при выполнении кода по адресу 0x00000000004CFD7A. Попытка записать данные по адресу 0x000000010000000C в модуле C:\Users\Юлия\Desktop\tets\bin\Debug\tets.exe. Спасибо _txVectoredExceptionHandler(), что сообщил. Люблю его <3

#1: TXLib [Ver: 00173a, Rev: 171, Date: 2022-07-23 02:08:28 +0400], Instance: 0x000000000086F8F0 (64-bit), Flags: Cmdre0, Thread: 0x3D00 (Main). 

--------------------------------------------------
Стек вызовов:



--------------------------------------------------
Developed with:

The Dumb Artist Library (TX Library)
TXLib [Ver: 00173a, Rev: 171, Date: 2022-07-23 02:08:28 +0400]
Copyright (C) Ded (Ilya Dedinsky, http://txlib.ru) <mail@txlib.ru>
See license on: http://txlib.ru

TXLib file:	include/TXLib.h
Compiled:	Mar 28 2024 18:47:02, GNU g++ 8.1.0, std=201402L, MinGW-W64 Runtime 6.0.0 (alpha - rev. 0) 0000-00-00, 64-bit, Debug
Started:	Mar 28 2024 21:03:46

Run file:	C:\Users\Юлия\Desktop\tets\bin\Debug\tets.exe
Directory:	C:\Users\Юлия\Desktop\tets

--------------------------------------------------

--------------------------------------------------
TXLib соболезнует...

Программа: C:\Users\Юлия\Desktop\tets\bin\Debug\tets.exe,

ВНЕЗАПНО: signal (11, 0x00): SIGSEGV: Доступ по неверному указателю. Ставьте ассерты! 

Нарушение доступа к памяти.

#1: Исключение EXCEPTION_ACCESS_VIOLATION (0xC0000005) при выполнении кода по адресу 0x00000000004CFD7A. Попытка записать данные по адресу 0x000000010000000C в модуле C:\Users\Юлия\Desktop\tets\bin\Debug\tets.exe. Спасибо _txVectoredExceptionHandler(), что сообщил. Люблю его <3

С помощью функции signal() вы можете сами обработать эту ошибку.

#2: TXLib [Ver: 00173a, Rev: 171, Date: 2022-07-23 02:08:28 +0400], Instance: 0x000000000086F8F0 (64-bit), Flags: Cmdre0, Thread: 0x3D00 (Main). 

--------------------------------------------------
Стек вызовов:



--------------------------------------------------
Developed with:

The Dumb Artist Library (TX Library)
TXLib [Ver: 00173a, Rev: 171, Date: 2022-07-23 02:08:28 +0400]
Copyright (C) Ded (Ilya Dedinsky, http://txlib.ru) <mail@txlib.ru>
See license on: http://txlib.ru

TXLib file:	include/TXLib.h
Compiled:	Mar 28 2024 18:47:02, GNU g++ 8.1.0, std=201402L, MinGW-W64 Runtime 6.0.0 (alpha - rev. 0) 0000-00-00, 64-bit, Debug
Started:	Mar 28 2024 21:03:46

Run file:	C:\Users\Юлия\Desktop\tets\bin\Debug\tets.exe
Directory:	C:\Users\Юлия\Desktop\tets

--------------------------------------------------

--------------------------------------------------
TXLib предупреждает:

Программа: C:\Users\Юлия\Desktop\tets\bin\Debug\tets.exe,

ВНЕЗАПНО: Нарушение доступа к памяти.

#1: Исключение EXCEPTION_ACCESS_VIOLATION (0xC0000005) при выполнении кода по адресу 0x00000000004CFF24. Попытка прочесть данные по адресу 0xFFFFFFFFFFFFFFFF в модуле C:\Users\Юлия\Desktop\tets\bin\Debug\tets.exe. Спасибо _txVectoredExceptionHandler(), что сообщил. Люблю его <3

#1: TXLib [Ver: 00173a, Rev: 171, Date: 2022-07-23 02:08:28 +0400], Instance: 0x00000000008708F0 (64-bit), Flags: Cmdre0, Thread: 0x3BF4 (Main). 

--------------------------------------------------
Стек вызовов:



--------------------------------------------------
Developed with:

The Dumb Artist Library (TX Library)
TXLib [Ver: 00173a, Rev: 171, Date: 2022-07-23 02:08:28 +0400]
Copyright (C) Ded (Ilya Dedinsky, http://txlib.ru) <mail@txlib.ru>
See license on: http://txlib.ru

TXLib file:	include/TXLib.h
Compiled:	Mar 28 2024 18:47:02, GNU g++ 8.1.0, std=201402L, MinGW-W64 Runtime 6.0.0 (alpha - rev. 0) 0000-00-00, 64-bit, Debug
Started:	Mar 29 2024 00:50:04

Run file:	C:\Users\Юлия\Desktop\tets\bin\Debug\tets.exe
Directory:	C:\Users\Юлия\Desktop\tets

--------------------------------------------------

--------------------------------------------------
TXLib соболезнует...

Программа: C:\Users\Юлия\Desktop\tets\bin\Debug\tets.exe,

ВНЕЗАПНО: signal (11, 0x00): SIGSEGV: Доступ по неверному указателю. Ставьте ассерты! 

Нарушение доступа к памяти.

#1: Исключение EXCEPTION_ACCESS_VIOLATION (0xC0000005) при выполнении кода по адресу 0x00000000004CFF24. Попытка прочесть данные по адресу 0xFFFFFFFFFFFFFFFF в модуле C:\Users\Юлия\Desktop\tets\bin\Debug\tets.exe. Спасибо _txVectoredExceptionHandler(), что сообщил. Люблю его <3

С помощью функции signal() вы можете сами обработать эту ошибку.

#2: TXLib [Ver: 00173a, Rev: 171, Date: 2022-07-23 02:08:28 +0400], Instance: 0x00000000008708F0 (64-bit), Flags: Cmdre0, Thread: 0x3BF4 (Main). 

--------------------------------------------------
Стек вызовов:



--------------------------------------------------
Developed with:

The Dumb Artist Library (TX Library)
TXLib [Ver: 00173a, Rev: 171, Date: 2022-07-23 02:08:28 +0400]
Copyright (C) Ded (Ilya Dedinsky, http://txlib.ru) <mail@txlib.ru>
See license on: http://txlib.ru

TXLib file:	include/TXLib.h
Compiled:	Mar 28 2024 18:47:02, GNU g++ 8.1.0, std=201402L, MinGW-W64 Runtime 6.0.0 (alpha - rev. 0) 0000-00-00, 64-bit, Debug
Started:	Mar 29 2024 00:50:04

Run file:	C:\Users\Юлия\Desktop\tets\bin\Debug\tets.exe
Directory:	C:\Users\Юлия\Desktop\tets

--------------------------------------------------
